<?xml version="1.0" encoding="UTF-8"?>
<!-- Generated by org.testng.reporters.JUnitReportReporter -->
<testsuite hostname="SHWETA" failures="0" tests="3" name="com.sgtesting.Users.Users" time="0.010" errors="0" timestamp="2023-05-01T16:49:10 IST" skipped="0">
  <testcase classname="com.sgtesting.Users.Users" name="deleteuser" time="0.001"/>
  <system-out/>
  <testcase classname="com.sgtesting.Users.Users" name="modifyuser" time="0.002"/>
  <system-out/>
  <testcase classname="com.sgtesting.Users.Users" name="createuser" time="0.007"/>
  <system-out/>
</testsuite> <!-- com.sgtesting.Users.Users -->
